2017-04-28 11:48:04,852 [Worker-7] INFO  o.e.m.c.i.l.LifecycleMappingFactory - Using org.maven.ide.eclipse.wtp.WarLifecycleMapping lifecycle mapping for MavenProject: com.revature:CloudDemo:0.0.1-SNAPSHOT @ C:\GitRepos\1703-mar27-java\cloud-demo\CloudDemo\pom.xml.
2017-04-28 11:48:06,251 [Worker-7] INFO  o.e.m.j.i.AbstractJavaProjectConfigurator - Adding source folder /CloudDemo/src/main/java
2017-04-28 11:48:06,253 [Worker-7] INFO  o.e.m.j.i.AbstractJavaProjectConfigurator - Adding resource folder /CloudDemo/src/main/resources
2017-04-28 11:48:06,254 [Worker-7] INFO  o.e.m.j.i.AbstractJavaProjectConfigurator - Adding source folder /CloudDemo/src/test/java
2017-04-28 11:48:06,254 [Worker-7] INFO  o.e.m.j.i.AbstractJavaProjectConfigurator - Adding resource folder /CloudDemo/src/test/resources
2017-04-28 11:48:09,139 [Worker-8] WARN  o.e.m.c.i.embedder.EclipseLogger - Using platform encoding (Cp1252 actually) to copy filtered resources, i.e. build is platform dependent!
2017-04-28 11:48:09,176 [Worker-8] INFO  o.e.m.c.i.embedder.EclipseLogger - Copying 0 resource
2017-04-28 11:48:09,179 [Worker-8] WARN  o.e.m.c.i.embedder.EclipseLogger - Using platform encoding (Cp1252 actually) to copy filtered resources, i.e. build is platform dependent!
2017-04-28 11:48:09,199 [Worker-8] INFO  o.e.m.c.i.embedder.EclipseLogger - Copying 0 resource
2017-04-28 11:49:01,570 [Worker-7] WARN  o.e.m.c.i.embedder.EclipseLogger - Using platform encoding (Cp1252 actually) to copy filtered resources, i.e. build is platform dependent!
2017-04-28 11:49:01,579 [Worker-7] INFO  o.e.m.c.i.embedder.EclipseLogger - Copying 0 resource
2017-04-28 11:49:01,580 [Worker-7] WARN  o.e.m.c.i.embedder.EclipseLogger - Using platform encoding (Cp1252 actually) to copy filtered resources, i.e. build is platform dependent!
2017-04-28 11:49:01,592 [Worker-7] INFO  o.e.m.c.i.embedder.EclipseLogger - Copying 0 resource
2017-04-28 11:53:38,158 [Worker-18] INFO  o.e.m.c.i.p.ProjectConfigurationManager - Update started
2017-04-28 11:53:38,704 [Worker-18] INFO  o.e.m.c.i.l.LifecycleMappingFactory - Using org.maven.ide.eclipse.wtp.WarLifecycleMapping lifecycle mapping for MavenProject: com.revature:CloudDemo:0.0.1-SNAPSHOT @ C:\GitRepos\1703-mar27-java\cloud-demo\CloudDemo\pom.xml.
2017-04-28 11:53:39,263 [Worker-18] INFO  o.e.m.j.i.AbstractJavaProjectConfigurator - Adding source folder /CloudDemo/src/main/java
2017-04-28 11:53:39,267 [Worker-18] INFO  o.e.m.j.i.AbstractJavaProjectConfigurator - Adding resource folder /CloudDemo/src/main/resources
2017-04-28 11:53:39,268 [Worker-18] INFO  o.e.m.j.i.AbstractJavaProjectConfigurator - Adding source folder /CloudDemo/src/test/java
2017-04-28 11:53:39,268 [Worker-18] INFO  o.e.m.j.i.AbstractJavaProjectConfigurator - Adding resource folder /CloudDemo/src/test/resources
2017-04-28 11:53:39,489 [Worker-18] INFO  o.e.m.w.i.f.ResourceFilteringBuildParticipant - Cleaning filtered folder for CloudDemo
2017-04-28 11:53:39,508 [Worker-18] INFO  o.e.m.c.i.p.ProjectConfigurationManager - Update completed: 1 sec
2017-04-28 11:53:39,669 [Worker-19] WARN  o.e.m.c.i.embedder.EclipseLogger - Using platform encoding (Cp1252 actually) to copy filtered resources, i.e. build is platform dependent!
2017-04-28 11:53:39,709 [Worker-19] INFO  o.e.m.c.i.embedder.EclipseLogger - Copying 0 resource
2017-04-28 11:53:39,713 [Worker-19] WARN  o.e.m.c.i.embedder.EclipseLogger - Using platform encoding (Cp1252 actually) to copy filtered resources, i.e. build is platform dependent!
2017-04-28 11:53:39,778 [Worker-19] INFO  o.e.m.c.i.embedder.EclipseLogger - Copying 0 resource
2017-04-28 11:53:39,779 [Worker-19] INFO  o.e.m.w.i.f.ResourceFilteringBuildParticipant - Changed resources require a complete clean of filtered resources of CloudDemo
2017-04-28 11:53:39,780 [Worker-19] INFO  o.e.m.w.i.f.ResourceFilteringBuildParticipant - Executing resource filtering for CloudDemo
2017-04-28 11:53:39,789 [Worker-19] WARN  o.e.m.c.i.embedder.EclipseLogger - Using platform encoding (Cp1252 actually) to copy filtered resources, i.e. build is platform dependent!
2017-04-28 11:53:46,349 [Worker-19] WARN  o.e.m.c.i.embedder.EclipseLogger - Using platform encoding (Cp1252 actually) to copy filtered resources, i.e. build is platform dependent!
2017-04-28 11:53:46,368 [Worker-19] INFO  o.e.m.c.i.embedder.EclipseLogger - Copying 0 resource
2017-04-28 11:53:46,369 [Worker-19] WARN  o.e.m.c.i.embedder.EclipseLogger - Using platform encoding (Cp1252 actually) to copy filtered resources, i.e. build is platform dependent!
2017-04-28 11:53:46,380 [Worker-19] INFO  o.e.m.c.i.embedder.EclipseLogger - Copying 0 resource
2017-04-28 11:53:47,910 [Worker-18] INFO  o.e.m.c.i.l.LifecycleMappingFactory - Using org.maven.ide.eclipse.wtp.WarLifecycleMapping lifecycle mapping for MavenProject: com.revature:CloudDemo:0.0.1-SNAPSHOT @ C:\GitRepos\1703-mar27-java\cloud-demo\CloudDemo\pom.xml.
2017-04-28 11:53:47,924 [Worker-18] WARN  o.e.m.c.i.embedder.EclipseLogger - The POM for com.oracle.ojdbc:ojdbc:jar:12.1.0.1 is missing, no dependency information available
2017-04-28 11:53:47,955 [Worker-18] WARN  o.e.m.c.i.embedder.EclipseLogger - The POM for com.oracle.ojdbc:ojdbc:jar:12.1.0.1 is missing, no dependency information available
2017-04-28 11:53:48,360 [Worker-18] WARN  o.e.m.c.i.embedder.EclipseLogger - Using platform encoding (Cp1252 actually) to copy filtered resources, i.e. build is platform dependent!
2017-04-28 11:53:48,371 [Worker-18] INFO  o.e.m.c.i.embedder.EclipseLogger - Copying 0 resource
2017-04-28 11:53:48,375 [Worker-18] WARN  o.e.m.c.i.embedder.EclipseLogger - Using platform encoding (Cp1252 actually) to copy filtered resources, i.e. build is platform dependent!
2017-04-28 11:53:48,385 [Worker-18] INFO  o.e.m.c.i.embedder.EclipseLogger - Copying 0 resource
2017-04-28 11:53:48,385 [Worker-18] INFO  o.e.m.w.i.f.ResourceFilteringBuildParticipant - Changed resources require a complete clean of filtered resources of CloudDemo
2017-04-28 11:53:48,390 [Worker-18] INFO  o.e.m.w.i.f.ResourceFilteringBuildParticipant - Executing resource filtering for CloudDemo
2017-04-28 11:53:48,394 [Worker-18] WARN  o.e.m.c.i.embedder.EclipseLogger - Using platform encoding (Cp1252 actually) to copy filtered resources, i.e. build is platform dependent!
2017-04-28 11:55:10,302 [Worker-22] INFO  o.e.m.c.i.p.ProjectConfigurationManager - Update started
2017-04-28 11:55:10,657 [Worker-22] INFO  o.e.m.c.i.l.LifecycleMappingFactory - Using org.maven.ide.eclipse.wtp.WarLifecycleMapping lifecycle mapping for MavenProject: com.revature:CloudDemo:0.0.1-SNAPSHOT @ C:\GitRepos\1703-mar27-java\cloud-demo\CloudDemo\pom.xml.
2017-04-28 11:55:10,659 [Worker-22] WARN  o.e.m.c.i.embedder.EclipseLogger - The POM for com.oracle.ojdbc:ojdbc:jar:12.1.0.1 is missing, no dependency information available
2017-04-28 11:55:10,675 [Worker-22] WARN  o.e.m.c.i.embedder.EclipseLogger - The POM for com.oracle.ojdbc:ojdbc:jar:12.1.0.1 is missing, no dependency information available
2017-04-28 11:55:11,005 [Worker-22] INFO  o.e.m.j.i.AbstractJavaProjectConfigurator - Adding source folder /CloudDemo/src/main/java
2017-04-28 11:55:11,006 [Worker-22] INFO  o.e.m.j.i.AbstractJavaProjectConfigurator - Adding resource folder /CloudDemo/src/main/resources
2017-04-28 11:55:11,013 [Worker-22] INFO  o.e.m.j.i.AbstractJavaProjectConfigurator - Adding source folder /CloudDemo/src/test/java
2017-04-28 11:55:11,013 [Worker-22] INFO  o.e.m.j.i.AbstractJavaProjectConfigurator - Adding resource folder /CloudDemo/src/test/resources
2017-04-28 11:55:11,256 [Worker-22] WARN  o.e.m.c.i.embedder.EclipseLogger - The POM for com.oracle.ojdbc:ojdbc:jar:12.1.0.1 is missing, no dependency information available
2017-04-28 11:55:11,345 [Worker-22] INFO  o.e.m.w.i.f.ResourceFilteringBuildParticipant - Cleaning filtered folder for CloudDemo
2017-04-28 11:55:11,361 [Worker-22] INFO  o.e.m.c.i.p.ProjectConfigurationManager - Update completed: 1 sec
2017-04-28 11:55:11,448 [Worker-5] WARN  o.e.m.c.i.embedder.EclipseLogger - The POM for com.oracle.ojdbc:ojdbc:jar:12.1.0.1 is missing, no dependency information available
2017-04-28 11:55:11,531 [Worker-5] WARN  o.e.m.c.i.embedder.EclipseLogger - Using platform encoding (Cp1252 actually) to copy filtered resources, i.e. build is platform dependent!
2017-04-28 11:55:11,568 [Worker-5] INFO  o.e.m.c.i.embedder.EclipseLogger - Copying 0 resource
2017-04-28 11:55:11,578 [Worker-5] WARN  o.e.m.c.i.embedder.EclipseLogger - Using platform encoding (Cp1252 actually) to copy filtered resources, i.e. build is platform dependent!
2017-04-28 11:55:11,588 [Worker-5] INFO  o.e.m.c.i.embedder.EclipseLogger - Copying 0 resource
2017-04-28 11:55:11,589 [Worker-5] INFO  o.e.m.w.i.f.ResourceFilteringBuildParticipant - Changed resources require a complete clean of filtered resources of CloudDemo
2017-04-28 11:55:11,589 [Worker-5] INFO  o.e.m.w.i.f.ResourceFilteringBuildParticipant - Executing resource filtering for CloudDemo
2017-04-28 11:55:11,599 [Worker-5] WARN  o.e.m.c.i.embedder.EclipseLogger - Using platform encoding (Cp1252 actually) to copy filtered resources, i.e. build is platform dependent!
2017-04-28 12:45:16,440 [Worker-0] WARN  o.e.m.c.i.embedder.EclipseLogger - The POM for com.oracle.ojdbc:ojdbc:jar:12.1.0.1 is missing, no dependency information available
2017-04-28 12:46:21,387 [Worker-17] INFO  o.e.m.c.i.l.LifecycleMappingFactory - Using org.maven.ide.eclipse.wtp.WarLifecycleMapping lifecycle mapping for MavenProject: com.revature:CloudDemo:0.0.1-SNAPSHOT @ C:\GitRepos\1703-mar27-java\cloud-demo\CloudDemo\pom.xml.
2017-04-28 12:46:22,315 [Worker-17] WARN  o.e.m.c.i.embedder.EclipseLogger - Using platform encoding (Cp1252 actually) to copy filtered resources, i.e. build is platform dependent!
2017-04-28 12:46:22,328 [Worker-17] INFO  o.e.m.c.i.embedder.EclipseLogger - Copying 0 resource
2017-04-28 12:46:22,330 [Worker-17] WARN  o.e.m.c.i.embedder.EclipseLogger - Using platform encoding (Cp1252 actually) to copy filtered resources, i.e. build is platform dependent!
2017-04-28 12:46:22,338 [Worker-17] INFO  o.e.m.c.i.embedder.EclipseLogger - Copying 0 resource
2017-04-28 12:46:22,341 [Worker-17] INFO  o.e.m.w.i.f.ResourceFilteringBuildParticipant - Changed resources require a complete clean of filtered resources of CloudDemo
2017-04-28 12:46:22,342 [Worker-17] INFO  o.e.m.w.i.f.ResourceFilteringBuildParticipant - Executing resource filtering for CloudDemo
2017-04-28 12:46:22,351 [Worker-17] WARN  o.e.m.c.i.embedder.EclipseLogger - Using platform encoding (Cp1252 actually) to copy filtered resources, i.e. build is platform dependent!
2017-04-28 12:46:35,509 [Worker-1] INFO  o.e.m.c.i.p.ProjectConfigurationManager - Update started
2017-04-28 12:46:35,997 [Worker-1] INFO  o.e.m.c.i.l.LifecycleMappingFactory - Using org.maven.ide.eclipse.wtp.WarLifecycleMapping lifecycle mapping for MavenProject: com.revature:CloudDemo:0.0.1-SNAPSHOT @ C:\GitRepos\1703-mar27-java\cloud-demo\CloudDemo\pom.xml.
2017-04-28 12:46:36,451 [Worker-1] INFO  o.e.m.j.i.AbstractJavaProjectConfigurator - Adding source folder /CloudDemo/src/main/java
2017-04-28 12:46:36,452 [Worker-1] INFO  o.e.m.j.i.AbstractJavaProjectConfigurator - Adding resource folder /CloudDemo/src/main/resources
2017-04-28 12:46:36,452 [Worker-1] INFO  o.e.m.j.i.AbstractJavaProjectConfigurator - Adding source folder /CloudDemo/src/test/java
2017-04-28 12:46:36,452 [Worker-1] INFO  o.e.m.j.i.AbstractJavaProjectConfigurator - Adding resource folder /CloudDemo/src/test/resources
2017-04-28 12:46:37,350 [Worker-1] INFO  o.e.m.w.i.f.ResourceFilteringBuildParticipant - Cleaning filtered folder for CloudDemo
2017-04-28 12:46:37,369 [Worker-1] INFO  o.e.m.c.i.p.ProjectConfigurationManager - Update completed: 1 sec
2017-04-28 12:46:37,603 [Worker-4] WARN  o.e.m.c.i.embedder.EclipseLogger - Using platform encoding (Cp1252 actually) to copy filtered resources, i.e. build is platform dependent!
2017-04-28 12:46:37,611 [Worker-4] INFO  o.e.m.c.i.embedder.EclipseLogger - Copying 0 resource
2017-04-28 12:46:37,614 [Worker-4] WARN  o.e.m.c.i.embedder.EclipseLogger - Using platform encoding (Cp1252 actually) to copy filtered resources, i.e. build is platform dependent!
2017-04-28 12:46:37,682 [Worker-4] INFO  o.e.m.c.i.embedder.EclipseLogger - Copying 0 resource
2017-04-28 12:46:37,683 [Worker-4] INFO  o.e.m.w.i.f.ResourceFilteringBuildParticipant - Changed resources require a complete clean of filtered resources of CloudDemo
2017-04-28 12:46:37,683 [Worker-4] INFO  o.e.m.w.i.f.ResourceFilteringBuildParticipant - Executing resource filtering for CloudDemo
2017-04-28 12:46:37,688 [Worker-4] WARN  o.e.m.c.i.embedder.EclipseLogger - Using platform encoding (Cp1252 actually) to copy filtered resources, i.e. build is platform dependent!
